Action > Level 1 > 11/27/20 14:36:26: 11/27/20 14:36:26 Started Actions >>>>>>>>>>>>>>>>>>>>>>>>>>>>>>>>>>>>>>>>>>>>>>
Action > Level 2 > 11/27/20 14:36:26: Verbosity level is set to: 5
Action > Level 3 > 11/27/20 14:36:26: No episodes to download []
Action > Level 2 > 11/27/20 14:36:26: Episodes to Download: 0
Action > Level 1 > 11/27/20 14:36:26: Actions Ended >>>>>>>>>>>>>>>>>>>>>>>>>>>>>>>>>>>>>>>>>>>>>>
Actions > Level 1 > 11/27/20 14:37:19: Started Actions >>>>>>>>>>>>>>>>>>>>>>>>>>>>>>>>>>>>>>>>>>>>>>
Actions > Level 2 > 11/27/20 14:37:19: Verbosity level is set to: 5
Actions > Level 3 > 11/27/20 14:37:19: No episodes to download []
Actions > Level 2 > 11/27/20 14:37:19: Episodes to Download: 0
Actions > Level 1 > 11/27/20 14:37:19: Actions Ended >>>>>>>>>>>>>>>>>>>>>>>>>>>>>>>>>>>>>>>>>>>>>>
Actions > Level 1 > 11/27/20 14:37:36: Started Actions >>>>>>>>>>>>>>>>>>>>>>>>>>>>>>>>>>>>>>>>>>>>>>
Actions > Level 2 > 11/27/20 14:37:36: Verbosity level is set to: 5
Actions > Level 3 > 11/27/20 14:37:36: No episodes to download []
Actions > Level 2 > 11/27/20 14:37:36: Episodes to Download: 0
Actions > Level 1 > 11/27/20 14:37:36: Actions Ended >>>>>>>>>>>>>>>>>>>>>>>>>>>>>>>>>>>>>>>>>>>>>>
Actions > Level 1 > 11/27/20 14:38:02: Started >>>>>>>>>>>>>>>>>>>>>>>>>>>>>>>>>>>>>>>>>>>>>>
Actions > Level 2 > 11/27/20 14:38:02: Verbosity level is set to: 5
Actions > Level 3 > 11/27/20 14:38:02: No episodes to download []
Actions > Level 2 > 11/27/20 14:38:02: Episodes to Download: 0
Actions > Level 1 > 11/27/20 14:38:02: Actions Ended >>>>>>>>>>>>>>>>>>>>>>>>>>>>>>>>>>>>>>>>>>>>>>
Actions > Level 1 > 11/27/20 14:38:12: Started >>>>>>>>>>>>>>>>>>>>>>>>>>>>>>>>>>>>>>>>>>>>>>
Actions > Level 2 > 11/27/20 14:38:12: Verbosity level is set to: 5
Actions > Level 3 > 11/27/20 14:38:12: No episodes to download []
Actions > Level 2 > 11/27/20 14:38:12: Episodes to Download: 0
Actions > Level 1 > 11/27/20 14:38:12: Actions Ended >>>>>>>>>>>>>>>>>>>>>>>>>>>>>>>>>>>>>>>>>>>>>>
Actions > Level 1 > 11/27/20 14:38:44: Started >>>>>>>>>>>>>>>>>>>>>>>>>>>>>>>>>>>>>>>>>>>>>>
Actions > Level 2 > 11/27/20 14:38:44: Verbosity level is set to: 5
Actions > Level 3 > 11/27/20 14:38:44: No episodes to download []
Actions > Level 2 > 11/27/20 14:38:44: Episodes to Download: 0
Actions > Level 1 > 11/27/20 14:38:44: Ended >>>>>>>>>>>>>>>>>>>>>>>>>>>>>>>>>>>>>>>>>>>>>>
Actions > Level 1 > 11/27/20 14:38:52: Started >>>>>>>>>>>>>>>>>>>>>>>>>>>>>>>>>>>>>>>>>>>>>>
Actions > Level 2 > 11/27/20 14:38:52: Verbosity level is set to: 5
Actions > Level 3 > 11/27/20 14:38:52: No episodes to download []
Actions > Level 2 > 11/27/20 14:38:52: Episodes to Download: 0
Actions > Level 1 > 11/27/20 14:38:52: Ended >>>>>>>>>>>>>>>>>>>>>>>>>>>>>>>>>>>>>>>>>>>>>>>>
